<?xml version="1.0" encoding="UTF-8"?>
<!-- Generated by org.testng.reporters.JUnitReportReporter -->
<testsuite hostname="HB-laptops-026" failures="0" tests="2" name="auto.Class2" time="24.508" errors="0" timestamp="2021-06-24T23:17:21 EDT" skipped="0">
  <testcase classname="auto.Class2" name="imagess" time="11.394"/>
  <system-out/>
  <testcase classname="auto.Class2" name="buttons" time="13.114"/>
  <system-out/>
</testsuite> <!-- auto.Class2 -->
