<?xml version="1.0" encoding="UTF-8"?>
<!-- Generated by org.testng.reporters.JUnitReportReporter -->
<testsuite hostname="HB-laptops-026" failures="0" tests="1" name="auto.Automated" time="15.248" errors="0" timestamp="2021-06-24T22:57:13 EDT" skipped="0">
  <testcase classname="auto.Automated" name="Harpreet" time="15.248"/>
  <system-out/>
</testsuite> <!-- auto.Automated -->
